Tue May 27 07:04:47 COT 2014 : Apache Derby Network Server - 10.8.1.2 - (1095077) se ha iniciado y está listo para aceptar conexiones en el puerto 1527
----------------------------------------------------------------
Tue May 27 07:05:16 COT 2014:
 Arrancando Derby versión The Apache Software Foundation - Apache Derby - 10.8.1.2 - (1095077): instancia a816c00e-0146-3d91-8b23-00006deae435 
en el directorio de base de datos C:\Users\Administrador\Dropbox\Clinica_Pajonal\Proyectos_netbeans\Clinica_Pajonal\PyP\cpplus\src\Recursos\database  con el cargador de clases sun.misc.Launcher$AppClassLoader@262505b7

java.vendor=Oracle Corporation
java.runtime.version=1.7.0_03-b05
user.dir=C:\Program Files\Java\jdk1.7.0_03\db
derby.system.home=C:\Users\Administrador\Dropbox\Clinica_Pajonal\Proyectos_netbeans\Clinica_Pajonal\PyP\cpplus\src\Recursos
Cargador de clases de base de datos iniciado - derby.database.classpath=''
----------------------------------------------------------------
Tue May 27 07:05:27 COT 2014:
Cerrando instancia a816c00e-0146-3d91-8b23-00006deae435 con cargador de clases C:\Users\Administrador\Dropbox\Clinica_Pajonal\Proyectos_netbeans\Clinica_Pajonal\PyP\cpplus\src\Recursos\database 
Tue May 27 07:05:27 COT 2014 Thread[DRDAConnThread_3,5,main] (DATABASE = database), (DRDAID = {2}), Conclusión de la base de datos 'database'.
----------------------------------------------------------------
Tue May 27 07:05:41 COT 2014:
 Arrancando Derby versión The Apache Software Foundation - Apache Derby - 10.8.1.2 - (1095077): instancia 6c44409f-0146-3d91-8b23-00006deae435 
en el directorio de base de datos C:\Users\Administrador\Dropbox\Clinica_Pajonal\Proyectos_netbeans\Clinica_Pajonal\PyP\cpplus\src\Recursos\database  con el cargador de clases sun.misc.Launcher$AppClassLoader@262505b7

java.vendor=Oracle Corporation
java.runtime.version=1.7.0_03-b05
user.dir=C:\Program Files\Java\jdk1.7.0_03\db
derby.system.home=C:\Users\Administrador\Dropbox\Clinica_Pajonal\Proyectos_netbeans\Clinica_Pajonal\PyP\cpplus\src\Recursos
Cargador de clases de base de datos iniciado - derby.database.classpath=''
----------------------------------------------------------------
Tue May 27 08:42:48 COT 2014:
Cerrando instancia 6c44409f-0146-3d91-8b23-00006deae435 con cargador de clases C:\Users\Administrador\Dropbox\Clinica_Pajonal\Proyectos_netbeans\Clinica_Pajonal\PyP\cpplus\src\Recursos\database 
Tue May 27 08:42:48 COT 2014 Thread[DRDAConnThread_3,5,main] (DATABASE = database), (DRDAID = {7}), Conclusión de la base de datos 'database'.
